<?xml version="1.0" encoding="UTF-8"?>
<testsuite xmlns:xsi="http://www.w3.org/2001/XMLSchema-instance" xsi:noNamespaceSchemaLocation="https://maven.apache.org/surefire/maven-surefire-plugin/xsd/surefire-test-report-3.0.xsd" version="3.0" name="com.api.testing.tests.PostsIntegrationTest" time="6.821" tests="6" errors="0" skipped="0" failures="0">
  <properties>
    <property name="java.specification.version" value="21"/>
    <property name="sun.cpu.isalist" value="amd64"/>
    <property name="sun.jnu.encoding" value="Cp1252"/>
    <property name="java.class.path" value="D:\CODE\Resume Projects\API-shift-left-testing\target\test-classes;D:\CODE\Resume Projects\API-shift-left-testing\target\classes;C:\Users\Administrator\.m2\repository\org\junit\jupiter\junit-jupiter\5.9.2\junit-jupiter-5.9.2.jar;C:\Users\Administrator\.m2\repository\org\junit\jupiter\junit-jupiter-api\5.9.2\junit-jupiter-api-5.9.2.jar;C:\Users\Administrator\.m2\repository\org\opentest4j\opentest4j\1.2.0\opentest4j-1.2.0.jar;C:\Users\Administrator\.m2\repository\org\junit\platform\junit-platform-commons\1.9.2\junit-platform-commons-1.9.2.jar;C:\Users\Administrator\.m2\repository\org\apiguardian\apiguardian-api\1.1.2\apiguardian-api-1.1.2.jar;C:\Users\Administrator\.m2\repository\org\junit\jupiter\junit-jupiter-params\5.9.2\junit-jupiter-params-5.9.2.jar;C:\Users\Administrator\.m2\repository\org\junit\jupiter\junit-jupiter-engine\5.9.2\junit-jupiter-engine-5.9.2.jar;C:\Users\Administrator\.m2\repository\org\junit\platform\junit-platform-engine\1.9.2\junit-platform-engine-1.9.2.jar;C:\Users\Administrator\.m2\repository\com\github\tomakehurst\wiremock-jre8\2.35.0\wiremock-jre8-2.35.0.jar;C:\Users\Administrator\.m2\repository\org\eclipse\jetty\jetty-server\9.4.49.v20220914\jetty-server-9.4.49.v20220914.jar;C:\Users\Administrator\.m2\repository\javax\servlet\javax.servlet-api\3.1.0\javax.servlet-api-3.1.0.jar;C:\Users\Administrator\.m2\repository\org\eclipse\jetty\jetty-http\9.4.49.v20220914\jetty-http-9.4.49.v20220914.jar;C:\Users\Administrator\.m2\repository\org\eclipse\jetty\jetty-io\9.4.49.v20220914\jetty-io-9.4.49.v20220914.jar;C:\Users\Administrator\.m2\repository\org\eclipse\jetty\jetty-servlet\9.4.49.v20220914\jetty-servlet-9.4.49.v20220914.jar;C:\Users\Administrator\.m2\repository\org\eclipse\jetty\jetty-security\9.4.49.v20220914\jetty-security-9.4.49.v20220914.jar;C:\Users\Administrator\.m2\repository\org\eclipse\jetty\jetty-util-ajax\9.4.49.v20220914\jetty-util-ajax-9.4.49.v20220914.jar;C:\Users\Administrator\.m2\repository\org\eclipse\jetty\jetty-servlets\9.4.49.v20220914\jetty-servlets-9.4.49.v20220914.jar;C:\Users\Administrator\.m2\repository\org\eclipse\jetty\jetty-continuation\9.4.49.v20220914\jetty-continuation-9.4.49.v20220914.jar;C:\Users\Administrator\.m2\repository\org\eclipse\jetty\jetty-util\9.4.49.v20220914\jetty-util-9.4.49.v20220914.jar;C:\Users\Administrator\.m2\repository\org\eclipse\jetty\jetty-webapp\9.4.49.v20220914\jetty-webapp-9.4.49.v20220914.jar;C:\Users\Administrator\.m2\repository\org\eclipse\jetty\jetty-xml\9.4.49.v20220914\jetty-xml-9.4.49.v20220914.jar;C:\Users\Administrator\.m2\repository\org\eclipse\jetty\jetty-proxy\9.4.49.v20220914\jetty-proxy-9.4.49.v20220914.jar;C:\Users\Administrator\.m2\repository\org\eclipse\jetty\jetty-client\9.4.49.v20220914\jetty-client-9.4.49.v20220914.jar;C:\Users\Administrator\.m2\repository\org\eclipse\jetty\http2\http2-server\9.4.49.v20220914\http2-server-9.4.49.v20220914.jar;C:\Users\Administrator\.m2\repository\org\eclipse\jetty\http2\http2-common\9.4.49.v20220914\http2-common-9.4.49.v20220914.jar;C:\Users\Administrator\.m2\repository\org\eclipse\jetty\http2\http2-hpack\9.4.49.v20220914\http2-hpack-9.4.49.v20220914.jar;C:\Users\Administrator\.m2\repository\org\eclipse\jetty\jetty-alpn-server\9.4.49.v20220914\jetty-alpn-server-9.4.49.v20220914.jar;C:\Users\Administrator\.m2\repository\org\eclipse\jetty\jetty-alpn-java-server\9.4.49.v20220914\jetty-alpn-java-server-9.4.49.v20220914.jar;C:\Users\Administrator\.m2\repository\org\eclipse\jetty\jetty-alpn-openjdk8-server\9.4.49.v20220914\jetty-alpn-openjdk8-server-9.4.49.v20220914.jar;C:\Users\Administrator\.m2\repository\org\eclipse\jetty\jetty-alpn-java-client\9.4.49.v20220914\jetty-alpn-java-client-9.4.49.v20220914.jar;C:\Users\Administrator\.m2\repository\org\eclipse\jetty\jetty-alpn-client\9.4.49.v20220914\jetty-alpn-client-9.4.49.v20220914.jar;C:\Users\Administrator\.m2\repository\org\eclipse\jetty\jetty-alpn-openjdk8-client\9.4.49.v20220914\jetty-alpn-openjdk8-client-9.4.49.v20220914.jar;C:\Users\Administrator\.m2\repository\com\google\guava\guava\31.1-jre\guava-31.1-jre.jar;C:\Users\Administrator\.m2\repository\com\google\guava\failureaccess\1.0.1\failureaccess-1.0.1.jar;C:\Users\Administrator\.m2\repository\com\google\guava\listenablefuture\9999.0-empty-to-avoid-conflict-with-guava\listenablefuture-9999.0-empty-to-avoid-conflict-with-guava.jar;C:\Users\Administrator\.m2\repository\com\google\code\findbugs\jsr305\3.0.2\jsr305-3.0.2.jar;C:\Users\Administrator\.m2\repository\org\checkerframework\checker-qual\3.12.0\checker-qual-3.12.0.jar;C:\Users\Administrator\.m2\repository\com\google\errorprone\error_prone_annotations\2.11.0\error_prone_annotations-2.11.0.jar;C:\Users\Administrator\.m2\repository\com\google\j2objc\j2objc-annotations\1.3\j2objc-annotations-1.3.jar;C:\Users\Administrator\.m2\repository\com\fasterxml\jackson\core\jackson-annotations\2.13.4\jackson-annotations-2.13.4.jar;C:\Users\Administrator\.m2\repository\org\apache\httpcomponents\client5\httpclient5\5.1.3\httpclient5-5.1.3.jar;C:\Users\Administrator\.m2\repository\org\apache\httpcomponents\core5\httpcore5\5.1.3\httpcore5-5.1.3.jar;C:\Users\Administrator\.m2\repository\org\apache\httpcomponents\core5\httpcore5-h2\5.1.3\httpcore5-h2-5.1.3.jar;C:\Users\Administrator\.m2\repository\commons-codec\commons-codec\1.15\commons-codec-1.15.jar;C:\Users\Administrator\.m2\repository\org\xmlunit\xmlunit-core\2.9.0\xmlunit-core-2.9.0.jar;C:\Users\Administrator\.m2\repository\jakarta\xml\bind\jakarta.xml.bind-api\2.3.3\jakarta.xml.bind-api-2.3.3.jar;C:\Users\Administrator\.m2\repository\jakarta\activation\jakarta.activation-api\1.2.2\jakarta.activation-api-1.2.2.jar;C:\Users\Administrator\.m2\repository\org\xmlunit\xmlunit-legacy\2.9.0\xmlunit-legacy-2.9.0.jar;C:\Users\Administrator\.m2\repository\org\xmlunit\xmlunit-placeholders\2.9.0\xmlunit-placeholders-2.9.0.jar;C:\Users\Administrator\.m2\repository\net\javacrumbs\json-unit\json-unit-core\2.36.0\json-unit-core-2.36.0.jar;C:\Users\Administrator\.m2\repository\org\hamcrest\hamcrest-core\2.2\hamcrest-core-2.2.jar;C:\Users\Administrator\.m2\repository\com\jayway\jsonpath\json-path\2.7.0\json-path-2.7.0.jar;C:\Users\Administrator\.m2\repository\net\minidev\json-smart\2.4.7\json-smart-2.4.7.jar;C:\Users\Administrator\.m2\repository\net\minidev\accessors-smart\2.4.7\accessors-smart-2.4.7.jar;C:\Users\Administrator\.m2\repository\org\ow2\asm\asm\9.4\asm-9.4.jar;C:\Users\Administrator\.m2\repository\net\sf\jopt-simple\jopt-simple\5.0.4\jopt-simple-5.0.4.jar;C:\Users\Administrator\.m2\repository\org\apache\commons\commons-lang3\3.12.0\commons-lang3-3.12.0.jar;C:\Users\Administrator\.m2\repository\com\github\jknack\handlebars\4.3.1\handlebars-4.3.1.jar;C:\Users\Administrator\.m2\repository\com\github\jknack\handlebars-helpers\4.3.1\handlebars-helpers-4.3.1.jar;C:\Users\Administrator\.m2\repository\commons-fileupload\commons-fileupload\1.4\commons-fileupload-1.4.jar;C:\Users\Administrator\.m2\repository\commons-io\commons-io\2.11.0\commons-io-2.11.0.jar;C:\Users\Administrator\.m2\repository\org\slf4j\slf4j-api\1.7.36\slf4j-api-1.7.36.jar;C:\Users\Administrator\.m2\repository\au\com\dius\pact\consumer\junit5\4.3.8\junit5-4.3.8.jar;C:\Users\Administrator\.m2\repository\au\com\dius\pact\consumer\4.3.8\consumer-4.3.8.jar;C:\Users\Administrator\.m2\repository\au\com\dius\pact\core\support\4.3.8\support-4.3.8.jar;C:\Users\Administrator\.m2\repository\io\github\microutils\kotlin-logging-jvm\2.0.10\kotlin-logging-jvm-2.0.10.jar;C:\Users\Administrator\.m2\repository\com\michael-bull\kotlin-result\kotlin-result-jvm\1.1.12\kotlin-result-jvm-1.1.12.jar;C:\Users\Administrator\.m2\repository\org\antlr\antlr4\4.9.2\antlr4-4.9.2.jar;C:\Users\Administrator\.m2\repository\org\antlr\antlr4-runtime\4.9.2\antlr4-runtime-4.9.2.jar;C:\Users\Administrator\.m2\repository\org\antlr\antlr-runtime\3.5.2\antlr-runtime-3.5.2.jar;C:\Users\Administrator\.m2\repository\org\antlr\ST4\4.3\ST4-4.3.jar;C:\Users\Administrator\.m2\repository\org\abego\treelayout\org.abego.treelayout.core\1.0.3\org.abego.treelayout.core-1.0.3.jar;C:\Users\Administrator\.m2\repository\com\ibm\icu\icu4j\61.1\icu4j-61.1.jar;C:\Users\Administrator\.m2\repository\au\com\dius\pact\core\model\4.3.8\model-4.3.8.jar;C:\Users\Administrator\.m2\repository\au\com\dius\pact\core\pactbroker\4.3.8\pactbroker-4.3.8.jar;C:\Users\Administrator\.m2\repository\org\apache\commons\commons-collections4\4.4\commons-collections4-4.4.jar;C:\Users\Administrator\.m2\repository\javax\mail\mail\1.5.0-b01\mail-1.5.0-b01.jar;C:\Users\Administrator\.m2\repository\javax\activation\activation\1.1\activation-1.1.jar;C:\Users\Administrator\.m2\repository\org\apache\tika\tika-core\1.27\tika-core-1.27.jar;C:\Users\Administrator\.m2\repository\io\ktor\ktor-http-jvm\1.6.1\ktor-http-jvm-1.6.1.jar;C:\Users\Administrator\.m2\repository\org\jetbrains\kotlinx\kotlinx-coroutines-core-jvm\1.5.0-native-mt\kotlinx-coroutines-core-jvm-1.5.0-native-mt.jar;C:\Users\Administrator\.m2\repository\io\ktor\ktor-utils-jvm\1.6.1\ktor-utils-jvm-1.6.1.jar;C:\Users\Administrator\.m2\repository\io\ktor\ktor-io-jvm\1.6.1\ktor-io-jvm-1.6.1.jar;C:\Users\Administrator\.m2\repository\commons-beanutils\commons-beanutils\1.9.4\commons-beanutils-1.9.4.jar;C:\Users\Administrator\.m2\repository\commons-collections\commons-collections\3.2.2\commons-collections-3.2.2.jar;C:\Users\Administrator\.m2\repository\au\com\dius\pact\core\matchers\4.3.8\matchers-4.3.8.jar;C:\Users\Administrator\.m2\repository\xerces\xercesImpl\2.12.1\xercesImpl-2.12.1.jar;C:\Users\Administrator\.m2\repository\xml-apis\xml-apis\1.4.01\xml-apis-1.4.01.jar;C:\Users\Administrator\.m2\repository\org\atteo\evo-inflector\1.3\evo-inflector-1.3.jar;C:\Users\Administrator\.m2\repository\com\github\ajalt\mordant\1.2.1\mordant-1.2.1.jar;C:\Users\Administrator\.m2\repository\com\github\ajalt\colormath\1.2.0\colormath-1.2.0.jar;C:\Users\Administrator\.m2\repository\com\github\zafarkhaja\java-semver\0.9.0\java-semver-0.9.0.jar;C:\Users\Administrator\.m2\repository\org\apache\httpcomponents\client5\httpclient5-fluent\5.1\httpclient5-fluent-5.1.jar;C:\Users\Administrator\.m2\repository\com\googlecode\java-diff-utils\diffutils\1.3.0\diffutils-1.3.0.jar;C:\Users\Administrator\.m2\repository\dk\brics\automaton\automaton\1.11-8\automaton-1.11-8.jar;C:\Users\Administrator\.m2\repository\org\json\json\20210307\json-20210307.jar;C:\Users\Administrator\.m2\repository\io\netty\netty-handler\4.1.66.Final\netty-handler-4.1.66.Final.jar;C:\Users\Administrator\.m2\repository\io\netty\netty-common\4.1.66.Final\netty-common-4.1.66.Final.jar;C:\Users\Administrator\.m2\repository\io\netty\netty-resolver\4.1.66.Final\netty-resolver-4.1.66.Final.jar;C:\Users\Administrator\.m2\repository\io\netty\netty-buffer\4.1.66.Final\netty-buffer-4.1.66.Final.jar;C:\Users\Administrator\.m2\repository\io\netty\netty-transport\4.1.66.Final\netty-transport-4.1.66.Final.jar;C:\Users\Administrator\.m2\repository\io\netty\netty-codec\4.1.66.Final\netty-codec-4.1.66.Final.jar;C:\Users\Administrator\.m2\repository\io\ktor\ktor-server-netty\1.6.2\ktor-server-netty-1.6.2.jar;C:\Users\Administrator\.m2\repository\org\jetbrains\kotlin\kotlin-stdlib-jdk7\1.5.20\kotlin-stdlib-jdk7-1.5.20.jar;C:\Users\Administrator\.m2\repository\org\jetbrains\kotlin\kotlin-stdlib-jdk8\1.5.20\kotlin-stdlib-jdk8-1.5.20.jar;C:\Users\Administrator\.m2\repository\org\jetbrains\kotlinx\kotlinx-coroutines-jdk8\1.5.0-native-mt\kotlinx-coroutines-jdk8-1.5.0-native-mt.jar;C:\Users\Administrator\.m2\repository\io\ktor\ktor-server-host-common\1.6.2\ktor-server-host-common-1.6.2.jar;C:\Users\Administrator\.m2\repository\io\ktor\ktor-server-core\1.6.2\ktor-server-core-1.6.2.jar;C:\Users\Administrator\.m2\repository\com\typesafe\config\1.3.1\config-1.3.1.jar;C:\Users\Administrator\.m2\repository\io\ktor\ktor-http-cio-jvm\1.6.2\ktor-http-cio-jvm-1.6.2.jar;C:\Users\Administrator\.m2\repository\io\netty\netty-codec-http2\4.1.63.Final\netty-codec-http2-4.1.63.Final.jar;C:\Users\Administrator\.m2\repository\io\netty\netty-codec-http\4.1.63.Final\netty-codec-http-4.1.63.Final.jar;C:\Users\Administrator\.m2\repository\org\eclipse\jetty\alpn\alpn-api\1.1.3.v20160715\alpn-api-1.1.3.v20160715.jar;C:\Users\Administrator\.m2\repository\io\netty\netty-transport-native-kqueue\4.1.63.Final\netty-transport-native-kqueue-4.1.63.Final.jar;C:\Users\Administrator\.m2\repository\io\netty\netty-transport-native-unix-common\4.1.63.Final\netty-transport-native-unix-common-4.1.63.Final.jar;C:\Users\Administrator\.m2\repository\io\netty\netty-transport-native-epoll\4.1.63.Final\netty-transport-native-epoll-4.1.63.Final.jar;C:\Users\Administrator\.m2\repository\io\ktor\ktor-network-tls-certificates\1.6.2\ktor-network-tls-certificates-1.6.2.jar;C:\Users\Administrator\.m2\repository\io\ktor\ktor-network-tls-jvm\1.6.2\ktor-network-tls-jvm-1.6.2.jar;C:\Users\Administrator\.m2\repository\io\ktor\ktor-network-jvm\1.6.2\ktor-network-jvm-1.6.2.jar;C:\Users\Administrator\.m2\repository\io\pact\plugin\driver\core\0.0.9\core-0.0.9.jar;C:\Users\Administrator\.m2\repository\com\vdurmont\semver4j\3.1.0\semver4j-3.1.0.jar;C:\Users\Administrator\.m2\repository\io\grpc\grpc-protobuf\1.42.0\grpc-protobuf-1.42.0.jar;C:\Users\Administrator\.m2\repository\io\grpc\grpc-api\1.42.0\grpc-api-1.42.0.jar;C:\Users\Administrator\.m2\repository\io\grpc\grpc-context\1.42.0\grpc-context-1.42.0.jar;C:\Users\Administrator\.m2\repository\com\google\protobuf\protobuf-java\3.17.2\protobuf-java-3.17.2.jar;C:\Users\Administrator\.m2\repository\com\google\api\grpc\proto-google-common-protos\2.0.1\proto-google-common-protos-2.0.1.jar;C:\Users\Administrator\.m2\repository\io\grpc\grpc-protobuf-lite\1.42.0\grpc-protobuf-lite-1.42.0.jar;C:\Users\Administrator\.m2\repository\io\grpc\grpc-stub\1.42.0\grpc-stub-1.42.0.jar;C:\Users\Administrator\.m2\repository\io\grpc\grpc-netty\1.42.0\grpc-netty-1.42.0.jar;C:\Users\Administrator\.m2\repository\io\grpc\grpc-core\1.42.0\grpc-core-1.42.0.jar;C:\Users\Administrator\.m2\repository\com\google\code\gson\gson\2.8.6\gson-2.8.6.jar;C:\Users\Administrator\.m2\repository\com\google\android\annotations\4.1.1.4\annotations-4.1.1.4.jar;C:\Users\Administrator\.m2\repository\org\codehaus\mojo\animal-sniffer-annotations\1.19\animal-sniffer-annotations-1.19.jar;C:\Users\Administrator\.m2\repository\io\netty\netty-handler-proxy\4.1.63.Final\netty-handler-proxy-4.1.63.Final.jar;C:\Users\Administrator\.m2\repository\io\netty\netty-codec-socks\4.1.63.Final\netty-codec-socks-4.1.63.Final.jar;C:\Users\Administrator\.m2\repository\io\perfmark\perfmark-api\0.23.0\perfmark-api-0.23.0.jar;C:\Users\Administrator\.m2\repository\javax\annotation\javax.annotation-api\1.3.2\javax.annotation-api-1.3.2.jar;C:\Users\Administrator\.m2\repository\javax\json\javax.json-api\1.1.4\javax.json-api-1.1.4.jar;C:\Users\Administrator\.m2\repository\org\glassfish\javax.json\1.1.4\javax.json-1.1.4.jar;C:\Users\Administrator\.m2\repository\com\github\mifmif\generex\1.0.2\generex-1.0.2.jar;C:\Users\Administrator\.m2\repository\org\apache\commons\commons-text\1.9\commons-text-1.9.jar;C:\Users\Administrator\.m2\repository\org\jetbrains\kotlin\kotlin-stdlib\1.5.31\kotlin-stdlib-1.5.31.jar;C:\Users\Administrator\.m2\repository\org\jetbrains\annotations\13.0\annotations-13.0.jar;C:\Users\Administrator\.m2\repository\org\jetbrains\kotlin\kotlin-stdlib-common\1.5.31\kotlin-stdlib-common-1.5.31.jar;C:\Users\Administrator\.m2\repository\org\jetbrains\kotlin\kotlin-reflect\1.5.31\kotlin-reflect-1.5.31.jar;C:\Users\Administrator\.m2\repository\com\fasterxml\jackson\core\jackson-databind\2.11.0\jackson-databind-2.11.0.jar;C:\Users\Administrator\.m2\repository\com\fasterxml\jackson\core\jackson-core\2.11.0\jackson-core-2.11.0.jar;C:\Users\Administrator\.m2\repository\io\rest-assured\rest-assured\5.3.2\rest-assured-5.3.2.jar;C:\Users\Administrator\.m2\repository\org\apache\groovy\groovy\4.0.11\groovy-4.0.11.jar;C:\Users\Administrator\.m2\repository\org\apache\groovy\groovy-xml\4.0.11\groovy-xml-4.0.11.jar;C:\Users\Administrator\.m2\repository\org\apache\httpcomponents\httpclient\4.5.13\httpclient-4.5.13.jar;C:\Users\Administrator\.m2\repository\org\apache\httpcomponents\httpcore\4.4.13\httpcore-4.4.13.jar;C:\Users\Administrator\.m2\repository\commons-logging\commons-logging\1.2\commons-logging-1.2.jar;C:\Users\Administrator\.m2\repository\org\apache\httpcomponents\httpmime\4.5.13\httpmime-4.5.13.jar;C:\Users\Administrator\.m2\repository\org\hamcrest\hamcrest\2.2\hamcrest-2.2.jar;C:\Users\Administrator\.m2\repository\org\ccil\cowan\tagsoup\tagsoup\1.2.1\tagsoup-1.2.1.jar;C:\Users\Administrator\.m2\repository\io\rest-assured\json-path\5.3.2\json-path-5.3.2.jar;C:\Users\Administrator\.m2\repository\org\apache\groovy\groovy-json\4.0.11\groovy-json-4.0.11.jar;C:\Users\Administrator\.m2\repository\io\rest-assured\rest-assured-common\5.3.2\rest-assured-common-5.3.2.jar;C:\Users\Administrator\.m2\repository\io\rest-assured\xml-path\5.3.2\xml-path-5.3.2.jar;C:\Users\Administrator\.m2\repository\io\rest-assured\json-schema-validator\5.3.2\json-schema-validator-5.3.2.jar;C:\Users\Administrator\.m2\repository\com\github\java-json-tools\json-schema-validator\2.2.14\json-schema-validator-2.2.14.jar;C:\Users\Administrator\.m2\repository\com\github\java-json-tools\jackson-coreutils-equivalence\1.0\jackson-coreutils-equivalence-1.0.jar;C:\Users\Administrator\.m2\repository\com\github\java-json-tools\jackson-coreutils\2.0\jackson-coreutils-2.0.jar;C:\Users\Administrator\.m2\repository\com\github\java-json-tools\msg-simple\1.2\msg-simple-1.2.jar;C:\Users\Administrator\.m2\repository\com\github\java-json-tools\btf\1.3\btf-1.3.jar;C:\Users\Administrator\.m2\repository\com\github\java-json-tools\json-schema-core\1.2.14\json-schema-core-1.2.14.jar;C:\Users\Administrator\.m2\repository\com\github\java-json-tools\uri-template\0.10\uri-template-0.10.jar;C:\Users\Administrator\.m2\repository\org\mozilla\rhino\1.7.7.2\rhino-1.7.7.2.jar;C:\Users\Administrator\.m2\repository\com\sun\mail\mailapi\1.6.2\mailapi-1.6.2.jar;C:\Users\Administrator\.m2\repository\joda-time\joda-time\2.10.5\joda-time-2.10.5.jar;C:\Users\Administrator\.m2\repository\com\googlecode\libphonenumber\libphonenumber\8.11.1\libphonenumber-8.11.1.jar;"/>
    <property name="java.vm.vendor" value="Oracle Corporation"/>
    <property name="sun.arch.data.model" value="64"/>
    <property name="user.variant" value=""/>
    <property name="java.vendor.url" value="https://java.oracle.com/"/>
    <property name="user.timezone" value="Asia/Calcutta"/>
    <property name="os.name" value="Windows 11"/>
    <property name="java.vm.specification.version" value="21"/>
    <property name="sun.java.launcher" value="SUN_STANDARD"/>
    <property name="user.country" value="US"/>
    <property name="sun.boot.library.path" value="C:\Program Files\Java\jdk-21\bin"/>
    <property name="sun.java.command" value="C:\Users\Administrator\AppData\Local\Temp\surefire358575756737933119\surefirebooter-20251001112359679_3.jar C:\Users\Administrator\AppData\Local\Temp\surefire358575756737933119 2025-10-01T11-23-59_464-jvmRun1 surefire-20251001112359679_1tmp surefire_0-20251001112359679_2tmp"/>
    <property name="jdk.debug" value="release"/>
    <property name="test" value="PostsIntegrationTest"/>
    <property name="surefire.test.class.path" value="D:\CODE\Resume Projects\API-shift-left-testing\target\test-classes;D:\CODE\Resume Projects\API-shift-left-testing\target\classes;C:\Users\Administrator\.m2\repository\org\junit\jupiter\junit-jupiter\5.9.2\junit-jupiter-5.9.2.jar;C:\Users\Administrator\.m2\repository\org\junit\jupiter\junit-jupiter-api\5.9.2\junit-jupiter-api-5.9.2.jar;C:\Users\Administrator\.m2\repository\org\opentest4j\opentest4j\1.2.0\opentest4j-1.2.0.jar;C:\Users\Administrator\.m2\repository\org\junit\platform\junit-platform-commons\1.9.2\junit-platform-commons-1.9.2.jar;C:\Users\Administrator\.m2\repository\org\apiguardian\apiguardian-api\1.1.2\apiguardian-api-1.1.2.jar;C:\Users\Administrator\.m2\repository\org\junit\jupiter\junit-jupiter-params\5.9.2\junit-jupiter-params-5.9.2.jar;C:\Users\Administrator\.m2\repository\org\junit\jupiter\junit-jupiter-engine\5.9.2\junit-jupiter-engine-5.9.2.jar;C:\Users\Administrator\.m2\repository\org\junit\platform\junit-platform-engine\1.9.2\junit-platform-engine-1.9.2.jar;C:\Users\Administrator\.m2\repository\com\github\tomakehurst\wiremock-jre8\2.35.0\wiremock-jre8-2.35.0.jar;C:\Users\Administrator\.m2\repository\org\eclipse\jetty\jetty-server\9.4.49.v20220914\jetty-server-9.4.49.v20220914.jar;C:\Users\Administrator\.m2\repository\javax\servlet\javax.servlet-api\3.1.0\javax.servlet-api-3.1.0.jar;C:\Users\Administrator\.m2\repository\org\eclipse\jetty\jetty-http\9.4.49.v20220914\jetty-http-9.4.49.v20220914.jar;C:\Users\Administrator\.m2\repository\org\eclipse\jetty\jetty-io\9.4.49.v20220914\jetty-io-9.4.49.v20220914.jar;C:\Users\Administrator\.m2\repository\org\eclipse\jetty\jetty-servlet\9.4.49.v20220914\jetty-servlet-9.4.49.v20220914.jar;C:\Users\Administrator\.m2\repository\org\eclipse\jetty\jetty-security\9.4.49.v20220914\jetty-security-9.4.49.v20220914.jar;C:\Users\Administrator\.m2\repository\org\eclipse\jetty\jetty-util-ajax\9.4.49.v20220914\jetty-util-ajax-9.4.49.v20220914.jar;C:\Users\Administrator\.m2\repository\org\eclipse\jetty\jetty-servlets\9.4.49.v20220914\jetty-servlets-9.4.49.v20220914.jar;C:\Users\Administrator\.m2\repository\org\eclipse\jetty\jetty-continuation\9.4.49.v20220914\jetty-continuation-9.4.49.v20220914.jar;C:\Users\Administrator\.m2\repository\org\eclipse\jetty\jetty-util\9.4.49.v20220914\jetty-util-9.4.49.v20220914.jar;C:\Users\Administrator\.m2\repository\org\eclipse\jetty\jetty-webapp\9.4.49.v20220914\jetty-webapp-9.4.49.v20220914.jar;C:\Users\Administrator\.m2\repository\org\eclipse\jetty\jetty-xml\9.4.49.v20220914\jetty-xml-9.4.49.v20220914.jar;C:\Users\Administrator\.m2\repository\org\eclipse\jetty\jetty-proxy\9.4.49.v20220914\jetty-proxy-9.4.49.v20220914.jar;C:\Users\Administrator\.m2\repository\org\eclipse\jetty\jetty-client\9.4.49.v20220914\jetty-client-9.4.49.v20220914.jar;C:\Users\Administrator\.m2\repository\org\eclipse\jetty\http2\http2-server\9.4.49.v20220914\http2-server-9.4.49.v20220914.jar;C:\Users\Administrator\.m2\repository\org\eclipse\jetty\http2\http2-common\9.4.49.v20220914\http2-common-9.4.49.v20220914.jar;C:\Users\Administrator\.m2\repository\org\eclipse\jetty\http2\http2-hpack\9.4.49.v20220914\http2-hpack-9.4.49.v20220914.jar;C:\Users\Administrator\.m2\repository\org\eclipse\jetty\jetty-alpn-server\9.4.49.v20220914\jetty-alpn-server-9.4.49.v20220914.jar;C:\Users\Administrator\.m2\repository\org\eclipse\jetty\jetty-alpn-java-server\9.4.49.v20220914\jetty-alpn-java-server-9.4.49.v20220914.jar;C:\Users\Administrator\.m2\repository\org\eclipse\jetty\jetty-alpn-openjdk8-server\9.4.49.v20220914\jetty-alpn-openjdk8-server-9.4.49.v20220914.jar;C:\Users\Administrator\.m2\repository\org\eclipse\jetty\jetty-alpn-java-client\9.4.49.v20220914\jetty-alpn-java-client-9.4.49.v20220914.jar;C:\Users\Administrator\.m2\repository\org\eclipse\jetty\jetty-alpn-client\9.4.49.v20220914\jetty-alpn-client-9.4.49.v20220914.jar;C:\Users\Administrator\.m2\repository\org\eclipse\jetty\jetty-alpn-openjdk8-client\9.4.49.v20220914\jetty-alpn-openjdk8-client-9.4.49.v20220914.jar;C:\Users\Administrator\.m2\repository\com\google\guava\guava\31.1-jre\guava-31.1-jre.jar;C:\Users\Administrator\.m2\repository\com\google\guava\failureaccess\1.0.1\failureaccess-1.0.1.jar;C:\Users\Administrator\.m2\repository\com\google\guava\listenablefuture\9999.0-empty-to-avoid-conflict-with-guava\listenablefuture-9999.0-empty-to-avoid-conflict-with-guava.jar;C:\Users\Administrator\.m2\repository\com\google\code\findbugs\jsr305\3.0.2\jsr305-3.0.2.jar;C:\Users\Administrator\.m2\repository\org\checkerframework\checker-qual\3.12.0\checker-qual-3.12.0.jar;C:\Users\Administrator\.m2\repository\com\google\errorprone\error_prone_annotations\2.11.0\error_prone_annotations-2.11.0.jar;C:\Users\Administrator\.m2\repository\com\google\j2objc\j2objc-annotations\1.3\j2objc-annotations-1.3.jar;C:\Users\Administrator\.m2\repository\com\fasterxml\jackson\core\jackson-annotations\2.13.4\jackson-annotations-2.13.4.jar;C:\Users\Administrator\.m2\repository\org\apache\httpcomponents\client5\httpclient5\5.1.3\httpclient5-5.1.3.jar;C:\Users\Administrator\.m2\repository\org\apache\httpcomponents\core5\httpcore5\5.1.3\httpcore5-5.1.3.jar;C:\Users\Administrator\.m2\repository\org\apache\httpcomponents\core5\httpcore5-h2\5.1.3\httpcore5-h2-5.1.3.jar;C:\Users\Administrator\.m2\repository\commons-codec\commons-codec\1.15\commons-codec-1.15.jar;C:\Users\Administrator\.m2\repository\org\xmlunit\xmlunit-core\2.9.0\xmlunit-core-2.9.0.jar;C:\Users\Administrator\.m2\repository\jakarta\xml\bind\jakarta.xml.bind-api\2.3.3\jakarta.xml.bind-api-2.3.3.jar;C:\Users\Administrator\.m2\repository\jakarta\activation\jakarta.activation-api\1.2.2\jakarta.activation-api-1.2.2.jar;C:\Users\Administrator\.m2\repository\org\xmlunit\xmlunit-legacy\2.9.0\xmlunit-legacy-2.9.0.jar;C:\Users\Administrator\.m2\repository\org\xmlunit\xmlunit-placeholders\2.9.0\xmlunit-placeholders-2.9.0.jar;C:\Users\Administrator\.m2\repository\net\javacrumbs\json-unit\json-unit-core\2.36.0\json-unit-core-2.36.0.jar;C:\Users\Administrator\.m2\repository\org\hamcrest\hamcrest-core\2.2\hamcrest-core-2.2.jar;C:\Users\Administrator\.m2\repository\com\jayway\jsonpath\json-path\2.7.0\json-path-2.7.0.jar;C:\Users\Administrator\.m2\repository\net\minidev\json-smart\2.4.7\json-smart-2.4.7.jar;C:\Users\Administrator\.m2\repository\net\minidev\accessors-smart\2.4.7\accessors-smart-2.4.7.jar;C:\Users\Administrator\.m2\repository\org\ow2\asm\asm\9.4\asm-9.4.jar;C:\Users\Administrator\.m2\repository\net\sf\jopt-simple\jopt-simple\5.0.4\jopt-simple-5.0.4.jar;C:\Users\Administrator\.m2\repository\org\apache\commons\commons-lang3\3.12.0\commons-lang3-3.12.0.jar;C:\Users\Administrator\.m2\repository\com\github\jknack\handlebars\4.3.1\handlebars-4.3.1.jar;C:\Users\Administrator\.m2\repository\com\github\jknack\handlebars-helpers\4.3.1\handlebars-helpers-4.3.1.jar;C:\Users\Administrator\.m2\repository\commons-fileupload\commons-fileupload\1.4\commons-fileupload-1.4.jar;C:\Users\Administrator\.m2\repository\commons-io\commons-io\2.11.0\commons-io-2.11.0.jar;C:\Users\Administrator\.m2\repository\org\slf4j\slf4j-api\1.7.36\slf4j-api-1.7.36.jar;C:\Users\Administrator\.m2\repository\au\com\dius\pact\consumer\junit5\4.3.8\junit5-4.3.8.jar;C:\Users\Administrator\.m2\repository\au\com\dius\pact\consumer\4.3.8\consumer-4.3.8.jar;C:\Users\Administrator\.m2\repository\au\com\dius\pact\core\support\4.3.8\support-4.3.8.jar;C:\Users\Administrator\.m2\repository\io\github\microutils\kotlin-logging-jvm\2.0.10\kotlin-logging-jvm-2.0.10.jar;C:\Users\Administrator\.m2\repository\com\michael-bull\kotlin-result\kotlin-result-jvm\1.1.12\kotlin-result-jvm-1.1.12.jar;C:\Users\Administrator\.m2\repository\org\antlr\antlr4\4.9.2\antlr4-4.9.2.jar;C:\Users\Administrator\.m2\repository\org\antlr\antlr4-runtime\4.9.2\antlr4-runtime-4.9.2.jar;C:\Users\Administrator\.m2\repository\org\antlr\antlr-runtime\3.5.2\antlr-runtime-3.5.2.jar;C:\Users\Administrator\.m2\repository\org\antlr\ST4\4.3\ST4-4.3.jar;C:\Users\Administrator\.m2\repository\org\abego\treelayout\org.abego.treelayout.core\1.0.3\org.abego.treelayout.core-1.0.3.jar;C:\Users\Administrator\.m2\repository\com\ibm\icu\icu4j\61.1\icu4j-61.1.jar;C:\Users\Administrator\.m2\repository\au\com\dius\pact\core\model\4.3.8\model-4.3.8.jar;C:\Users\Administrator\.m2\repository\au\com\dius\pact\core\pactbroker\4.3.8\pactbroker-4.3.8.jar;C:\Users\Administrator\.m2\repository\org\apache\commons\commons-collections4\4.4\commons-collections4-4.4.jar;C:\Users\Administrator\.m2\repository\javax\mail\mail\1.5.0-b01\mail-1.5.0-b01.jar;C:\Users\Administrator\.m2\repository\javax\activation\activation\1.1\activation-1.1.jar;C:\Users\Administrator\.m2\repository\org\apache\tika\tika-core\1.27\tika-core-1.27.jar;C:\Users\Administrator\.m2\repository\io\ktor\ktor-http-jvm\1.6.1\ktor-http-jvm-1.6.1.jar;C:\Users\Administrator\.m2\repository\org\jetbrains\kotlinx\kotlinx-coroutines-core-jvm\1.5.0-native-mt\kotlinx-coroutines-core-jvm-1.5.0-native-mt.jar;C:\Users\Administrator\.m2\repository\io\ktor\ktor-utils-jvm\1.6.1\ktor-utils-jvm-1.6.1.jar;C:\Users\Administrator\.m2\repository\io\ktor\ktor-io-jvm\1.6.1\ktor-io-jvm-1.6.1.jar;C:\Users\Administrator\.m2\repository\commons-beanutils\commons-beanutils\1.9.4\commons-beanutils-1.9.4.jar;C:\Users\Administrator\.m2\repository\commons-collections\commons-collections\3.2.2\commons-collections-3.2.2.jar;C:\Users\Administrator\.m2\repository\au\com\dius\pact\core\matchers\4.3.8\matchers-4.3.8.jar;C:\Users\Administrator\.m2\repository\xerces\xercesImpl\2.12.1\xercesImpl-2.12.1.jar;C:\Users\Administrator\.m2\repository\xml-apis\xml-apis\1.4.01\xml-apis-1.4.01.jar;C:\Users\Administrator\.m2\repository\org\atteo\evo-inflector\1.3\evo-inflector-1.3.jar;C:\Users\Administrator\.m2\repository\com\github\ajalt\mordant\1.2.1\mordant-1.2.1.jar;C:\Users\Administrator\.m2\repository\com\github\ajalt\colormath\1.2.0\colormath-1.2.0.jar;C:\Users\Administrator\.m2\repository\com\github\zafarkhaja\java-semver\0.9.0\java-semver-0.9.0.jar;C:\Users\Administrator\.m2\repository\org\apache\httpcomponents\client5\httpclient5-fluent\5.1\httpclient5-fluent-5.1.jar;C:\Users\Administrator\.m2\repository\com\googlecode\java-diff-utils\diffutils\1.3.0\diffutils-1.3.0.jar;C:\Users\Administrator\.m2\repository\dk\brics\automaton\automaton\1.11-8\automaton-1.11-8.jar;C:\Users\Administrator\.m2\repository\org\json\json\20210307\json-20210307.jar;C:\Users\Administrator\.m2\repository\io\netty\netty-handler\4.1.66.Final\netty-handler-4.1.66.Final.jar;C:\Users\Administrator\.m2\repository\io\netty\netty-common\4.1.66.Final\netty-common-4.1.66.Final.jar;C:\Users\Administrator\.m2\repository\io\netty\netty-resolver\4.1.66.Final\netty-resolver-4.1.66.Final.jar;C:\Users\Administrator\.m2\repository\io\netty\netty-buffer\4.1.66.Final\netty-buffer-4.1.66.Final.jar;C:\Users\Administrator\.m2\repository\io\netty\netty-transport\4.1.66.Final\netty-transport-4.1.66.Final.jar;C:\Users\Administrator\.m2\repository\io\netty\netty-codec\4.1.66.Final\netty-codec-4.1.66.Final.jar;C:\Users\Administrator\.m2\repository\io\ktor\ktor-server-netty\1.6.2\ktor-server-netty-1.6.2.jar;C:\Users\Administrator\.m2\repository\org\jetbrains\kotlin\kotlin-stdlib-jdk7\1.5.20\kotlin-stdlib-jdk7-1.5.20.jar;C:\Users\Administrator\.m2\repository\org\jetbrains\kotlin\kotlin-stdlib-jdk8\1.5.20\kotlin-stdlib-jdk8-1.5.20.jar;C:\Users\Administrator\.m2\repository\org\jetbrains\kotlinx\kotlinx-coroutines-jdk8\1.5.0-native-mt\kotlinx-coroutines-jdk8-1.5.0-native-mt.jar;C:\Users\Administrator\.m2\repository\io\ktor\ktor-server-host-common\1.6.2\ktor-server-host-common-1.6.2.jar;C:\Users\Administrator\.m2\repository\io\ktor\ktor-server-core\1.6.2\ktor-server-core-1.6.2.jar;C:\Users\Administrator\.m2\repository\com\typesafe\config\1.3.1\config-1.3.1.jar;C:\Users\Administrator\.m2\repository\io\ktor\ktor-http-cio-jvm\1.6.2\ktor-http-cio-jvm-1.6.2.jar;C:\Users\Administrator\.m2\repository\io\netty\netty-codec-http2\4.1.63.Final\netty-codec-http2-4.1.63.Final.jar;C:\Users\Administrator\.m2\repository\io\netty\netty-codec-http\4.1.63.Final\netty-codec-http-4.1.63.Final.jar;C:\Users\Administrator\.m2\repository\org\eclipse\jetty\alpn\alpn-api\1.1.3.v20160715\alpn-api-1.1.3.v20160715.jar;C:\Users\Administrator\.m2\repository\io\netty\netty-transport-native-kqueue\4.1.63.Final\netty-transport-native-kqueue-4.1.63.Final.jar;C:\Users\Administrator\.m2\repository\io\netty\netty-transport-native-unix-common\4.1.63.Final\netty-transport-native-unix-common-4.1.63.Final.jar;C:\Users\Administrator\.m2\repository\io\netty\netty-transport-native-epoll\4.1.63.Final\netty-transport-native-epoll-4.1.63.Final.jar;C:\Users\Administrator\.m2\repository\io\ktor\ktor-network-tls-certificates\1.6.2\ktor-network-tls-certificates-1.6.2.jar;C:\Users\Administrator\.m2\repository\io\ktor\ktor-network-tls-jvm\1.6.2\ktor-network-tls-jvm-1.6.2.jar;C:\Users\Administrator\.m2\repository\io\ktor\ktor-network-jvm\1.6.2\ktor-network-jvm-1.6.2.jar;C:\Users\Administrator\.m2\repository\io\pact\plugin\driver\core\0.0.9\core-0.0.9.jar;C:\Users\Administrator\.m2\repository\com\vdurmont\semver4j\3.1.0\semver4j-3.1.0.jar;C:\Users\Administrator\.m2\repository\io\grpc\grpc-protobuf\1.42.0\grpc-protobuf-1.42.0.jar;C:\Users\Administrator\.m2\repository\io\grpc\grpc-api\1.42.0\grpc-api-1.42.0.jar;C:\Users\Administrator\.m2\repository\io\grpc\grpc-context\1.42.0\grpc-context-1.42.0.jar;C:\Users\Administrator\.m2\repository\com\google\protobuf\protobuf-java\3.17.2\protobuf-java-3.17.2.jar;C:\Users\Administrator\.m2\repository\com\google\api\grpc\proto-google-common-protos\2.0.1\proto-google-common-protos-2.0.1.jar;C:\Users\Administrator\.m2\repository\io\grpc\grpc-protobuf-lite\1.42.0\grpc-protobuf-lite-1.42.0.jar;C:\Users\Administrator\.m2\repository\io\grpc\grpc-stub\1.42.0\grpc-stub-1.42.0.jar;C:\Users\Administrator\.m2\repository\io\grpc\grpc-netty\1.42.0\grpc-netty-1.42.0.jar;C:\Users\Administrator\.m2\repository\io\grpc\grpc-core\1.42.0\grpc-core-1.42.0.jar;C:\Users\Administrator\.m2\repository\com\google\code\gson\gson\2.8.6\gson-2.8.6.jar;C:\Users\Administrator\.m2\repository\com\google\android\annotations\4.1.1.4\annotations-4.1.1.4.jar;C:\Users\Administrator\.m2\repository\org\codehaus\mojo\animal-sniffer-annotations\1.19\animal-sniffer-annotations-1.19.jar;C:\Users\Administrator\.m2\repository\io\netty\netty-handler-proxy\4.1.63.Final\netty-handler-proxy-4.1.63.Final.jar;C:\Users\Administrator\.m2\repository\io\netty\netty-codec-socks\4.1.63.Final\netty-codec-socks-4.1.63.Final.jar;C:\Users\Administrator\.m2\repository\io\perfmark\perfmark-api\0.23.0\perfmark-api-0.23.0.jar;C:\Users\Administrator\.m2\repository\javax\annotation\javax.annotation-api\1.3.2\javax.annotation-api-1.3.2.jar;C:\Users\Administrator\.m2\repository\javax\json\javax.json-api\1.1.4\javax.json-api-1.1.4.jar;C:\Users\Administrator\.m2\repository\org\glassfish\javax.json\1.1.4\javax.json-1.1.4.jar;C:\Users\Administrator\.m2\repository\com\github\mifmif\generex\1.0.2\generex-1.0.2.jar;C:\Users\Administrator\.m2\repository\org\apache\commons\commons-text\1.9\commons-text-1.9.jar;C:\Users\Administrator\.m2\repository\org\jetbrains\kotlin\kotlin-stdlib\1.5.31\kotlin-stdlib-1.5.31.jar;C:\Users\Administrator\.m2\repository\org\jetbrains\annotations\13.0\annotations-13.0.jar;C:\Users\Administrator\.m2\repository\org\jetbrains\kotlin\kotlin-stdlib-common\1.5.31\kotlin-stdlib-common-1.5.31.jar;C:\Users\Administrator\.m2\repository\org\jetbrains\kotlin\kotlin-reflect\1.5.31\kotlin-reflect-1.5.31.jar;C:\Users\Administrator\.m2\repository\com\fasterxml\jackson\core\jackson-databind\2.11.0\jackson-databind-2.11.0.jar;C:\Users\Administrator\.m2\repository\com\fasterxml\jackson\core\jackson-core\2.11.0\jackson-core-2.11.0.jar;C:\Users\Administrator\.m2\repository\io\rest-assured\rest-assured\5.3.2\rest-assured-5.3.2.jar;C:\Users\Administrator\.m2\repository\org\apache\groovy\groovy\4.0.11\groovy-4.0.11.jar;C:\Users\Administrator\.m2\repository\org\apache\groovy\groovy-xml\4.0.11\groovy-xml-4.0.11.jar;C:\Users\Administrator\.m2\repository\org\apache\httpcomponents\httpclient\4.5.13\httpclient-4.5.13.jar;C:\Users\Administrator\.m2\repository\org\apache\httpcomponents\httpcore\4.4.13\httpcore-4.4.13.jar;C:\Users\Administrator\.m2\repository\commons-logging\commons-logging\1.2\commons-logging-1.2.jar;C:\Users\Administrator\.m2\repository\org\apache\httpcomponents\httpmime\4.5.13\httpmime-4.5.13.jar;C:\Users\Administrator\.m2\repository\org\hamcrest\hamcrest\2.2\hamcrest-2.2.jar;C:\Users\Administrator\.m2\repository\org\ccil\cowan\tagsoup\tagsoup\1.2.1\tagsoup-1.2.1.jar;C:\Users\Administrator\.m2\repository\io\rest-assured\json-path\5.3.2\json-path-5.3.2.jar;C:\Users\Administrator\.m2\repository\org\apache\groovy\groovy-json\4.0.11\groovy-json-4.0.11.jar;C:\Users\Administrator\.m2\repository\io\rest-assured\rest-assured-common\5.3.2\rest-assured-common-5.3.2.jar;C:\Users\Administrator\.m2\repository\io\rest-assured\xml-path\5.3.2\xml-path-5.3.2.jar;C:\Users\Administrator\.m2\repository\io\rest-assured\json-schema-validator\5.3.2\json-schema-validator-5.3.2.jar;C:\Users\Administrator\.m2\repository\com\github\java-json-tools\json-schema-validator\2.2.14\json-schema-validator-2.2.14.jar;C:\Users\Administrator\.m2\repository\com\github\java-json-tools\jackson-coreutils-equivalence\1.0\jackson-coreutils-equivalence-1.0.jar;C:\Users\Administrator\.m2\repository\com\github\java-json-tools\jackson-coreutils\2.0\jackson-coreutils-2.0.jar;C:\Users\Administrator\.m2\repository\com\github\java-json-tools\msg-simple\1.2\msg-simple-1.2.jar;C:\Users\Administrator\.m2\repository\com\github\java-json-tools\btf\1.3\btf-1.3.jar;C:\Users\Administrator\.m2\repository\com\github\java-json-tools\json-schema-core\1.2.14\json-schema-core-1.2.14.jar;C:\Users\Administrator\.m2\repository\com\github\java-json-tools\uri-template\0.10\uri-template-0.10.jar;C:\Users\Administrator\.m2\repository\org\mozilla\rhino\1.7.7.2\rhino-1.7.7.2.jar;C:\Users\Administrator\.m2\repository\com\sun\mail\mailapi\1.6.2\mailapi-1.6.2.jar;C:\Users\Administrator\.m2\repository\joda-time\joda-time\2.10.5\joda-time-2.10.5.jar;C:\Users\Administrator\.m2\repository\com\googlecode\libphonenumber\libphonenumber\8.11.1\libphonenumber-8.11.1.jar;"/>
    <property name="sun.cpu.endian" value="little"/>
    <property name="user.home" value="C:\Users\Administrator"/>
    <property name="user.language" value="en"/>
    <property name="java.specification.vendor" value="Oracle Corporation"/>
    <property name="java.version.date" value="2025-01-21"/>
    <property name="java.home" value="C:\Program Files\Java\jdk-21"/>
    <property name="file.separator" value="\"/>
    <property name="basedir" value="D:\CODE\Resume Projects\API-shift-left-testing"/>
    <property name="java.vm.compressedOopsMode" value="32-bit"/>
    <property name="line.separator" value="&#10;"/>
    <property name="java.vm.specification.vendor" value="Oracle Corporation"/>
    <property name="java.specification.name" value="Java Platform API Specification"/>
    <property name="surefire.real.class.path" value="C:\Users\Administrator\AppData\Local\Temp\surefire358575756737933119\surefirebooter-20251001112359679_3.jar"/>
    <property name="user.script" value=""/>
    <property name="sun.management.compiler" value="HotSpot 64-Bit Tiered Compilers"/>
    <property name="java.runtime.version" value="21.0.6+8-LTS-188"/>
    <property name="user.name" value="Administrator"/>
    <property name="stdout.encoding" value="Cp1252"/>
    <property name="path.separator" value=";"/>
    <property name="os.version" value="10.0"/>
    <property name="java.runtime.name" value="Java(TM) SE Runtime Environment"/>
    <property name="file.encoding" value="UTF-8"/>
    <property name="java.vm.name" value="Java HotSpot(TM) 64-Bit Server VM"/>
    <property name="localRepository" value="C:\Users\Administrator\.m2\repository"/>
    <property name="java.vendor.url.bug" value="https://bugreport.java.com/bugreport/"/>
    <property name="java.io.tmpdir" value="C:\Users\ADMINI~1\AppData\Local\Temp\"/>
    <property name="java.version" value="21.0.6"/>
    <property name="user.dir" value="D:\CODE\Resume Projects\API-shift-left-testing"/>
    <property name="os.arch" value="amd64"/>
    <property name="java.vm.specification.name" value="Java Virtual Machine Specification"/>
    <property name="sun.os.patch.level" value=""/>
    <property name="native.encoding" value="Cp1252"/>
    <property name="java.library.path" value="C:\Program Files\Java\jdk-21\bin;C:\WINDOWS\Sun\Java\bin;C:\WINDOWS\system32;C:\WINDOWS;C:\Program Files\Common Files\Oracle\Java\javapath;C:\Program Files\Eclipse Adoptium\jdk-21.0.6.7-hotspot\bin;C:\WINDOWS\system32;C:\WINDOWS;C:\WINDOWS\System32\Wbem;C:\WINDOWS\System32\WindowsPowerShell\v1.0\;C:\WINDOWS\System32\OpenSSH\;C:\Program Files\dotnet\;C:\Program Files\nodejs\;C:\Program Files\Java\jdk-21\bin;C:\Program Files\maven\bin;C:\Program Files\Git\cmd;C:\Program Files\Git\mingw64\bin;C:\Program Files\Git\usr\bin;C:\Program Files\Docker\Docker\resources\bin;C:\Ruby34-x64\bin;C:\Users\Administrator\AppData\Local\Microsoft\WindowsApps;C:\Users\Administrator\AppData\Local\Programs\cursor\resources\app\bin;C:\Users\Administrator\AppData\Local\Programs\Microsoft VS Code\bin;C:\Users\Administrator\AppData\Roaming\npm;C:\Program Files\gradle-8.14\bin;C:\Users\Administrator\AppData\Local\Programs\Kiro\bin;."/>
    <property name="java.vm.info" value="mixed mode, sharing"/>
    <property name="stderr.encoding" value="Cp1252"/>
    <property name="java.vendor" value="Oracle Corporation"/>
    <property name="java.vm.version" value="21.0.6+8-LTS-188"/>
    <property name="sun.io.unicode.encoding" value="UnicodeLittle"/>
    <property name="java.class.version" value="65.0"/>
  </properties>
  <testcase name="testGetPostById_RealApi" classname="com.api.testing.tests.PostsIntegrationTest" time="3.201"/>
  <testcase name="testCreatePost_RealApi" classname="com.api.testing.tests.PostsIntegrationTest" time="0.705"/>
  <testcase name="testGetAllPosts_RealApi" classname="com.api.testing.tests.PostsIntegrationTest" time="0.964"/>
  <testcase name="testApiResponseTime_RealApi" classname="com.api.testing.tests.PostsIntegrationTest" time="0.565"/>
  <testcase name="testDeletePost_RealApi" classname="com.api.testing.tests.PostsIntegrationTest" time="0.68"/>
  <testcase name="testUpdatePost_RealApi" classname="com.api.testing.tests.PostsIntegrationTest" time="0.668"/>
</testsuite>